<?xml version="1.0" encoding="UTF-8"?>
<!-- Generated by org.testng.reporters.JUnitReportReporter -->
<testsuite skipped="0" hostname="LP-SPARK-W10" name="Customer" tests="1" failures="0" timestamp="21 Jun 2017 17:19:15 GMT" time="8.778" errors="0">
  <testcase name="addCustomer" time="8.778" classname="Customer"/>
</testsuite> <!-- Customer -->
