<?xml version="1.0" encoding="UTF-8"?>
<!-- Generated by org.testng.reporters.JUnitReportReporter -->
<testsuite skipped="0" hostname="LP-SPARK-W10" name="NewTest" tests="1" failures="0" timestamp="01 Jun 2017 18:40:54 GMT" time="90.783" errors="0">
  <testcase name="addCustomer" time="90.783" classname="NewTest"/>
</testsuite> <!-- NewTest -->
