<?xml version="1.0" encoding="UTF-8"?>
<!-- Generated by org.testng.reporters.JUnitReportReporter -->
<testsuite skipped="0" hostname="LP-SPARK-W10" name="smokeTest.Customer" tests="1" failures="0" timestamp="21 Jun 2017 19:21:42 GMT" time="6.307" errors="0">
  <testcase name="addCustomer" time="6.307" classname="smokeTest.Customer"/>
</testsuite> <!-- smokeTest.Customer -->
