<?xml version="1.0" encoding="UTF-8"?>
<!-- Generated by org.testng.reporters.JUnitReportReporter -->
<testsuite skipped="0" hostname="LP-SPARK-W10" name="smokeTest.TestCustomer" tests="1" failures="0" timestamp="21 Jun 2017 19:39:00 GMT" time="6.629" errors="0">
  <testcase name="addCustomer" time="6.629" classname="smokeTest.TestCustomer"/>
</testsuite> <!-- smokeTest.TestCustomer -->
