<?xml version="1.0" encoding="UTF-8"?>
<!-- Generated by org.testng.reporters.JUnitReportReporter -->
<testsuite hostname="LP-SPARK-W10" name="smokeTest.TestCustomer" tests="1" failures="0" timestamp="21 Jun 2017 21:48:13 GMT" time="7.335" errors="0">
  <testcase name="addCustomer" time="7.335" classname="smokeTest.TestCustomer"/>
</testsuite> <!-- smokeTest.TestCustomer -->
